f:\projects\passman\passman\passman\debug\vc141.pdb
f:\projects\passman\passman\passman\debug\main.obj
f:\projects\passman\passman\passman\debug\.netframework,version=v4.6.1.assemblyattributes.obj
f:\projects\passman\passman\passman\debug\.netframework,version=v4.6.1.assemblyattributes.asm
f:\projects\passman\passman\debug\passman.exe
f:\projects\passman\passman\debug\passman.pdb
f:\projects\passman\passman\passman\debug\passman.login.resources
f:\projects\passman\passman\passman\debug\passman.main.resources
f:\projects\passman\passman\passman\debug\passman.regis.resources
f:\projects\passman\passman\passman\debug\passman.welcome.resources
f:\projects\passman\passman\passman\debug\passman.vcxproj.generateresource.cache
f:\projects\passman\passman\passman\debug\passman.tlog\cl.command.1.tlog
f:\projects\passman\passman\passman\debug\passman.tlog\cl.read.1.tlog
f:\projects\passman\passman\passman\debug\passman.tlog\cl.write.1.tlog
f:\projects\passman\passman\passman\debug\passman.tlog\link.command.1.tlog
f:\projects\passman\passman\passman\debug\passman.tlog\link.read.1.tlog
f:\projects\passman\passman\passman\debug\passman.tlog\link.write.1.tlog
f:\projects\passman\passman\passman\debug\passman.tlog\metagen.read.1.tlog
f:\projects\passman\passman\passman\debug\passman.tlog\metagen.write.1.tlog
f:\projects\passman\passman\passman\debug\passman.tlog\passman.write.1u.tlog
